info it worked if it ends with ok
verbose cli [ 'node', '/usr/local/bin/npm', 'install', '-d' ]
info using npm@1.1.1
info using node@v0.6.11
verbose config file /Users/riccardo/.npmrc
verbose config file /usr/local/etc/npmrc
verbose config file /usr/local/lib/node_modules/npm/npmrc
ERR! Couldn't read dependencies.
ERR! Error: ENOENT, no such file or directory '/private/var/www/nodomoro/package.json'
ERR! You may report this log at:
ERR!     <http://github.com/isaacs/npm/issues>
ERR! or email it to:
ERR!     <npm-@googlegroups.com>
ERR! 
ERR! System Darwin 10.8.0
ERR! command "node" "/usr/local/bin/npm" "install" "-d"
ERR! cwd /private/var/www/nodomoro
ERR! node -v v0.6.11
ERR! npm -v 1.1.1
ERR! path /private/var/www/nodomoro/package.json
ERR! code ENOENT
ERR! message ENOENT, no such file or directory '/private/var/www/nodomoro/package.json'
ERR! errno {}
verbose exit [ 1, true ]
